<?xml version="1.0" encoding="UTF-8"?>
<!-- Generated by org.testng.reporters.JUnitReportReporter -->
<testsuite skipped="0" hostname="DESKTOP-KGJQLO1" name="orangeHRM.TC_2" tests="1" failures="0" timestamp="2023-01-08T12:17:44 IST" time="43.362" errors="0">
  <testcase name="Test2" time="43.362" classname="orangeHRM.TC_2"/>
  <system-out/>
</testsuite> <!-- orangeHRM.TC_2 -->
