<?xml version="1.0" encoding="UTF-8"?>
<!-- Generated by org.testng.reporters.JUnitReportReporter -->
<testsuite skipped="0" hostname="DESKTOP-KGJQLO1" name="orangeHRM.Test_Case_1" tests="1" failures="0" timestamp="2023-01-03T11:05:16 IST" time="19.006" errors="0">
  <testcase name="testCase_1" time="19.006" classname="orangeHRM.Test_Case_1"/>
  <system-out/>
</testsuite> <!-- orangeHRM.Test_Case_1 -->
